<?xml version="1.0" encoding="UTF-8"?>
<coverage generated="1786204624004" clover="3.2.0">
  <project timestamp="1786204624004" name="All files">
    <metrics statements="83" coveredstatements="75" conditionals="74" coveredconditionals="53" methods="19" coveredmethods="18" elements="176" coveredelements="146" complexity="0" loc="83" ncloc="83" packages="2" files="5" classes="5"/>
    <package name="notifier">
      <metrics statements="37" coveredstatements="37" conditionals="32" coveredconditionals="29" methods="4" coveredmethods="4"/>
      <file name="index.js" path="/Users/darshanaswathappa/PulseMonitor/lambda/notifier/index.js">
        <metrics statements="37" coveredstatements="37" conditionals="32" coveredconditionals="29" methods="4" coveredmethods="4"/>
        <line num="1" count="1" type="stmt"/>
        <line num="2" count="1" type="stmt"/>
        <line num="3" count="1" type="stmt"/>
        <line num="5" count="1" type="stmt"/>
        <line num="6" count="1" type="stmt"/>
        <line num="7" count="1" type="stmt"/>
        <line num="8" count="1" type="stmt"/>
        <line num="11" count="8" type="stmt"/>
        <line num="12" count="16" type="stmt"/>
        <line num="13" count="8" type="cond" truecount="2" falsecount="0"/>
        <line num="14" count="1" type="stmt"/>
        <line num="17" count="7" type="stmt"/>
        <line num="36" count="7" type="stmt"/>
        <line num="39" count="7" type="stmt"/>
        <line num="40" count="7" type="stmt"/>
        <line num="43" count="7" type="stmt"/>
        <line num="47" count="8" type="stmt"/>
        <line num="48" count="7" type="stmt"/>
        <line num="50" count="7" type="stmt"/>
        <line num="56" count="7" type="cond" truecount="4" falsecount="0"/>
        <line num="57" count="1" type="stmt"/>
        <line num="60" count="6" type="stmt"/>
        <line num="61" count="6" type="cond" truecount="2" falsecount="0"/>
        <line num="63" count="1" type="stmt"/>
        <line num="64" count="1" type="stmt"/>
        <line num="68" count="5" type="cond" truecount="2" falsecount="0"/>
        <line num="72" count="5" type="cond" truecount="2" falsecount="0"/>
        <line num="73" count="5" type="cond" truecount="2" falsecount="0"/>
        <line num="75" count="5" type="stmt"/>
        <line num="76" count="5" type="stmt"/>
        <line num="85" count="2" type="cond" truecount="2" falsecount="0"/>
        <line num="86" count="1" type="cond" truecount="1" falsecount="1"/>
        <line num="87" count="1" type="stmt"/>
        <line num="88" count="1" type="stmt"/>
        <line num="93" count="1" type="stmt"/>
        <line num="96" count="3" type="stmt"/>
        <line num="99" count="1" type="stmt"/>
      </file>
    </package>
    <package name="notifier.lib">
      <metrics statements="46" coveredstatements="38" conditionals="42" coveredconditionals="24" methods="15" coveredmethods="14"/>
      <file name="email.js" path="/Users/darshanaswathappa/PulseMonitor/lambda/notifier/lib/email.js">
        <metrics statements="6" coveredstatements="6" conditionals="4" coveredconditionals="3" methods="2" coveredmethods="2"/>
        <line num="1" count="2" type="stmt"/>
        <line num="4" count="1" type="stmt"/>
        <line num="28" count="2" type="stmt"/>
        <line num="31" count="7" type="cond" truecount="2" falsecount="0"/>
        <line num="32" count="4" type="cond" truecount="1" falsecount="1"/>
        <line num="35" count="2" type="stmt"/>
      </file>
      <file name="metrics.js" path="/Users/darshanaswathappa/PulseMonitor/lambda/notifier/lib/metrics.js">
        <metrics statements="3" coveredstatements="1" conditionals="0" coveredconditionals="0" methods="1" coveredmethods="0"/>
        <line num="6" count="0" type="stmt"/>
        <line num="21" count="0" type="stmt"/>
        <line num="24" count="1" type="stmt"/>
      </file>
      <file name="owner.js" path="/Users/darshanaswathappa/PulseMonitor/lambda/notifier/lib/owner.js">
        <metrics statements="6" coveredstatements="6" conditionals="4" coveredconditionals="3" methods="1" coveredmethods="1"/>
        <line num="1" count="2" type="stmt"/>
        <line num="10" count="4" type="stmt"/>
        <line num="20" count="4" type="cond" truecount="1" falsecount="1"/>
        <line num="25" count="4" type="cond" truecount="2" falsecount="0"/>
        <line num="27" count="3" type="stmt"/>
        <line num="30" count="2" type="stmt"/>
      </file>
      <file name="render.js" path="/Users/darshanaswathappa/PulseMonitor/lambda/notifier/lib/render.js">
        <metrics statements="31" coveredstatements="25" conditionals="34" coveredconditionals="18" methods="11" coveredmethods="11"/>
        <line num="1" count="2" type="stmt"/>
        <line num="9" count="71" type="stmt"/>
        <line num="13" count="12" type="stmt"/>
        <line num="14" count="12" type="stmt"/>
        <line num="16" count="0" type="stmt"/>
        <line num="21" count="3" type="stmt"/>
        <line num="22" count="3" type="cond" truecount="1" falsecount="1"/>
        <line num="23" count="3" type="cond" truecount="1" falsecount="1"/>
        <line num="25" count="0" type="stmt"/>
        <line num="26" count="0" type="stmt"/>
        <line num="27" count="0" type="cond" truecount="0" falsecount="2"/>
        <line num="28" count="0" type="cond" truecount="0" falsecount="4"/>
        <line num="29" count="0" type="stmt"/>
        <line num="33" count="12" type="cond" truecount="2" falsecount="0"/>
        <line num="34" count="12" type="stmt"/>
        <line num="35" count="12" type="stmt"/>
        <line num="38" count="2" type="stmt"/>
        <line num="41" count="8" type="stmt"/>
        <line num="43" count="8" type="stmt"/>
        <line num="52" count="64" type="stmt"/>
        <line num="54" count="8" type="stmt"/>
        <line num="63" count="64" type="stmt"/>
        <line num="65" count="8" type="stmt"/>
        <line num="69" count="4" type="stmt"/>
        <line num="72" count="4" type="cond" truecount="2" falsecount="0"/>
        <line num="76" count="4" type="stmt"/>
        <line num="84" count="28" type="stmt"/>
        <line num="86" count="4" type="stmt"/>
        <line num="94" count="28" type="stmt"/>
        <line num="96" count="4" type="stmt"/>
        <line num="99" count="2" type="stmt"/>
      </file>
    </package>
  </project>
</coverage>
