{"/Users/darshanaswathappa/PulseMonitor/lambda/notifier/index.js": {"path":"/Users/darshanaswathappa/PulseMonitor/lambda/notifier/index.js","statementMap":{"0":{"start":{"line":1,"column":27},"end":{"line":1,"column":62}},"1":{"start":{"line":2,"column":35},"end":{"line":2,"column":67}},"2":{"start":{"line":3,"column":24},"end":{"line":3,"column":56}},"3":{"start":{"line":5,"column":30},"end":{"line":5,"column":52}},"4":{"start":{"line":6,"column":50},"end":{"line":6,"column":73}},"5":{"start":{"line":7,"column":44},"end":{"line":7,"column":66}},"6":{"start":{"line":8,"column":41},"end":{"line":8,"column":65}},"7":{"start":{"line":11,"column":19},"end":{"line":11,"column":50}},"8":{"start":{"line":12,"column":18},"end":{"line":12,"column":61}},"9":{"start":{"line":12,"column":43},"end":{"line":12,"column":60}},"10":{"start":{"line":13,"column":2},"end":{"line":15,"column":3}},"11":{"start":{"line":14,"column":4},"end":{"line":14,"column":85}},"12":{"start":{"line":17,"column":2},"end":{"line":32,"column":4}},"13":{"start":{"line":36,"column":17},"end":{"line":38,"column":4}},"14":{"start":{"line":39,"column":20},"end":{"line":39,"column":55}},"15":{"start":{"line":40,"column":20},"end":{"line":42,"column":4}},"16":{"start":{"line":43,"column":2},"end":{"line":43,"column":34}},"17":{"start":{"line":47,"column":17},"end":{"line":47,"column":26}},"18":{"start":{"line":48,"column":35},"end":{"line":48,"column":54}},"19":{"start":{"line":50,"column":21},"end":{"line":50,"column":26}},"20":{"start":{"line":56,"column":2},"end":{"line":58,"column":3}},"21":{"start":{"line":57,"column":4},"end":{"line":57,"column":41}},"22":{"start":{"line":60,"column":21},"end":{"line":60,"column":115}},"23":{"start":{"line":61,"column":2},"end":{"line":65,"column":3}},"24":{"start":{"line":63,"column":4},"end":{"line":63,"column":119}},"25":{"start":{"line":64,"column":4},"end":{"line":64,"column":40}},"26":{"start":{"line":68,"column":4},"end":{"line":70,"column":73}},"27":{"start":{"line":72,"column":20},"end":{"line":72,"column":58}},"28":{"start":{"line":73,"column":18},"end":{"line":73,"column":111}},"29":{"start":{"line":75,"column":2},"end":{"line":94,"column":3}},"30":{"start":{"line":76,"column":4},"end":{"line":83,"column":7}},"31":{"start":{"line":85,"column":4},"end":{"line":89,"column":5}},"32":{"start":{"line":86,"column":6},"end":{"line":86,"column":138}},"33":{"start":{"line":87,"column":6},"end":{"line":87,"column":125}},"34":{"start":{"line":88,"column":6},"end":{"line":88,"column":37}},"35":{"start":{"line":93,"column":4},"end":{"line":93,"column":14}},"36":{"start":{"line":96,"column":2},"end":{"line":96,"column":49}},"37":{"start":{"line":99,"column":0},"end":{"line":99,"column":29}}},"fnMap":{"0":{"name":"readEnv","decl":{"start":{"line":10,"column":9},"end":{"line":10,"column":16}},"loc":{"start":{"line":10,"column":19},"end":{"line":33,"column":1}},"line":10},"1":{"name":"(anonymous_1)","decl":{"start":{"line":12,"column":34},"end":{"line":12,"column":35}},"loc":{"start":{"line":12,"column":43},"end":{"line":12,"column":60}},"line":12},"2":{"name":"makeClients","decl":{"start":{"line":35,"column":9},"end":{"line":35,"column":20}},"loc":{"start":{"line":35,"column":29},"end":{"line":44,"column":1}},"line":35},"3":{"name":"handler","decl":{"start":{"line":46,"column":15},"end":{"line":46,"column":22}},"loc":{"start":{"line":46,"column":30},"end":{"line":97,"column":1}},"line":46}},"branchMap":{"0":{"loc":{"start":{"line":13,"column":2},"end":{"line":15,"column":3}},"type":"if","locations":[{"start":{"line":13,"column":2},"end":{"line":15,"column":3}},{"start":{},"end":{}}],"line":13},"1":{"loc":{"start":{"line":19,"column":22},"end":{"line":19,"column":72}},"type":"binary-expr","locations":[{"start":{"line":19,"column":22},"end":{"line":19,"column":53}},{"start":{"line":19,"column":57},"end":{"line":19,"column":72}}],"line":19},"2":{"loc":{"start":{"line":21,"column":26},"end":{"line":21,"column":73}},"type":"binary-expr","locations":[{"start":{"line":21,"column":26},"end":{"line":21,"column":60}},{"start":{"line":21,"column":64},"end":{"line":21,"column":73}}],"line":21},"3":{"loc":{"start":{"line":27,"column":23},"end":{"line":27,"column":73}},"type":"binary-expr","locations":[{"start":{"line":27,"column":23},"end":{"line":27,"column":60}},{"start":{"line":27,"column":64},"end":{"line":27,"column":73}}],"line":27},"4":{"loc":{"start":{"line":28,"column":21},"end":{"line":28,"column":67}},"type":"binary-expr","locations":[{"start":{"line":28,"column":21},"end":{"line":28,"column":49}},{"start":{"line":28,"column":53},"end":{"line":28,"column":67}}],"line":28},"5":{"loc":{"start":{"line":29,"column":17},"end":{"line":29,"column":49}},"type":"binary-expr","locations":[{"start":{"line":29,"column":17},"end":{"line":29,"column":40}},{"start":{"line":29,"column":44},"end":{"line":29,"column":49}}],"line":29},"6":{"loc":{"start":{"line":37,"column":8},"end":{"line":37,"column":72}},"type":"cond-expr","locations":[{"start":{"line":37,"column":32},"end":{"line":37,"column":67}},{"start":{"line":37,"column":70},"end":{"line":37,"column":72}}],"line":37},"7":{"loc":{"start":{"line":41,"column":8},"end":{"line":41,"column":66}},"type":"cond-expr","locations":[{"start":{"line":41,"column":29},"end":{"line":41,"column":61}},{"start":{"line":41,"column":64},"end":{"line":41,"column":66}}],"line":41},"8":{"loc":{"start":{"line":56,"column":2},"end":{"line":58,"column":3}},"type":"if","locations":[{"start":{"line":56,"column":2},"end":{"line":58,"column":3}},{"start":{},"end":{}}],"line":56},"9":{"loc":{"start":{"line":56,"column":6},"end":{"line":56,"column":65}},"type":"binary-expr","locations":[{"start":{"line":56,"column":6},"end":{"line":56,"column":28}},{"start":{"line":56,"column":32},"end":{"line":56,"column":65}}],"line":56},"10":{"loc":{"start":{"line":61,"column":2},"end":{"line":65,"column":3}},"type":"if","locations":[{"start":{"line":61,"column":2},"end":{"line":65,"column":3}},{"start":{},"end":{}}],"line":61},"11":{"loc":{"start":{"line":68,"column":4},"end":{"line":70,"column":73}},"type":"cond-expr","locations":[{"start":{"line":69,"column":8},"end":{"line":69,"column":68}},{"start":{"line":70,"column":8},"end":{"line":70,"column":73}}],"line":68},"12":{"loc":{"start":{"line":72,"column":20},"end":{"line":72,"column":58}},"type":"binary-expr","locations":[{"start":{"line":72,"column":20},"end":{"line":72,"column":44}},{"start":{"line":72,"column":48},"end":{"line":72,"column":58}}],"line":72},"13":{"loc":{"start":{"line":73,"column":18},"end":{"line":73,"column":111}},"type":"cond-expr","locations":[{"start":{"line":73,"column":45},"end":{"line":73,"column":92}},{"start":{"line":73,"column":95},"end":{"line":73,"column":111}}],"line":73},"14":{"loc":{"start":{"line":85,"column":4},"end":{"line":89,"column":5}},"type":"if","locations":[{"start":{"line":85,"column":4},"end":{"line":89,"column":5}},{"start":{},"end":{}}],"line":85},"15":{"loc":{"start":{"line":86,"column":113},"end":{"line":86,"column":134}},"type":"binary-expr","locations":[{"start":{"line":86,"column":113},"end":{"line":86,"column":121}},{"start":{"line":86,"column":125},"end":{"line":86,"column":134}}],"line":86}},"s":{"0":1,"1":1,"2":1,"3":1,"4":1,"5":1,"6":1,"7":8,"8":8,"9":16,"10":8,"11":1,"12":7,"13":7,"14":7,"15":7,"16":7,"17":8,"18":7,"19":7,"20":7,"21":1,"22":6,"23":6,"24":1,"25":1,"26":5,"27":5,"28":5,"29":5,"30":5,"31":2,"32":1,"33":1,"34":1,"35":1,"36":3,"37":1},"f":{"0":8,"1":16,"2":7,"3":8},"b":{"0":[1,7],"1":[7,7],"2":[7,7],"3":[7,6],"4":[7,7],"5":[7,7],"6":[0,7],"7":[0,7],"8":[1,6],"9":[7,2],"10":[1,5],"11":[4,1],"12":[5,4],"13":[1,4],"14":[1,1],"15":[1,0]},"_coverageSchema":"1a1c01bbd47fc00a2c39e90264f33305004495a9","hash":"36b07a70cc20c05f2c5dfcc5ab161af19fa33943"}
,"/Users/darshanaswathappa/PulseMonitor/lambda/notifier/lib/email.js": {"path":"/Users/darshanaswathappa/PulseMonitor/lambda/notifier/lib/email.js","statementMap":{"0":{"start":{"line":1,"column":29},"end":{"line":1,"column":61}},"1":{"start":{"line":4,"column":2},"end":{"line":19,"column":4}},"2":{"start":{"line":28,"column":30},"end":{"line":28,"column":113}},"3":{"start":{"line":31,"column":2},"end":{"line":31,"column":55}},"4":{"start":{"line":31,"column":43},"end":{"line":31,"column":55}},"5":{"start":{"line":32,"column":2},"end":{"line":32,"column":49}},"6":{"start":{"line":35,"column":0},"end":{"line":35,"column":53}}},"fnMap":{"0":{"name":"sendEmail","decl":{"start":{"line":3,"column":15},"end":{"line":3,"column":24}},"loc":{"start":{"line":3,"column":93},"end":{"line":20,"column":1}},"line":3},"1":{"name":"isPermanentRejection","decl":{"start":{"line":30,"column":9},"end":{"line":30,"column":29}},"loc":{"start":{"line":30,"column":35},"end":{"line":33,"column":1}},"line":30}},"branchMap":{"0":{"loc":{"start":{"line":31,"column":2},"end":{"line":31,"column":55}},"type":"if","locations":[{"start":{"line":31,"column":2},"end":{"line":31,"column":55}},{"start":{},"end":{}}],"line":31},"1":{"loc":{"start":{"line":32,"column":30},"end":{"line":32,"column":47}},"type":"binary-expr","locations":[{"start":{"line":32,"column":30},"end":{"line":32,"column":41}},{"start":{"line":32,"column":45},"end":{"line":32,"column":47}}],"line":32}},"s":{"0":2,"1":1,"2":2,"3":7,"4":3,"5":4,"6":2},"f":{"0":1,"1":7},"b":{"0":[3,4],"1":[4,0]},"_coverageSchema":"1a1c01bbd47fc00a2c39e90264f33305004495a9","hash":"9eccf447d22514b523627edcb4634d9a4f652a4c"}
,"/Users/darshanaswathappa/PulseMonitor/lambda/notifier/lib/metrics.js": {"path":"/Users/darshanaswathappa/PulseMonitor/lambda/notifier/lib/metrics.js","statementMap":{"0":{"start":{"line":6,"column":14},"end":{"line":20,"column":3}},"1":{"start":{"line":21,"column":2},"end":{"line":21,"column":35}},"2":{"start":{"line":24,"column":0},"end":{"line":24,"column":50}}},"fnMap":{"0":{"name":"emitNotificationFailedMetric","decl":{"start":{"line":5,"column":9},"end":{"line":5,"column":37}},"loc":{"start":{"line":5,"column":74},"end":{"line":22,"column":1}},"line":5}},"branchMap":{},"s":{"0":0,"1":0,"2":1},"f":{"0":0},"b":{},"_coverageSchema":"1a1c01bbd47fc00a2c39e90264f33305004495a9","hash":"666991f33b3604a42124cee84ab3fe0e2180f3fe"}
,"/Users/darshanaswathappa/PulseMonitor/lambda/notifier/lib/owner.js": {"path":"/Users/darshanaswathappa/PulseMonitor/lambda/notifier/lib/owner.js","statementMap":{"0":{"start":{"line":1,"column":25},"end":{"line":1,"column":57}},"1":{"start":{"line":10,"column":19},"end":{"line":18,"column":3}},"2":{"start":{"line":20,"column":16},"end":{"line":20,"column":36}},"3":{"start":{"line":25,"column":2},"end":{"line":25,"column":38}},"4":{"start":{"line":25,"column":26},"end":{"line":25,"column":38}},"5":{"start":{"line":27,"column":2},"end":{"line":27,"column":24}},"6":{"start":{"line":30,"column":0},"end":{"line":30,"column":39}}},"fnMap":{"0":{"name":"resolveOwnerEmail","decl":{"start":{"line":9,"column":15},"end":{"line":9,"column":32}},"loc":{"start":{"line":9,"column":74},"end":{"line":28,"column":1}},"line":9}},"branchMap":{"0":{"loc":{"start":{"line":20,"column":16},"end":{"line":20,"column":36}},"type":"binary-expr","locations":[{"start":{"line":20,"column":16},"end":{"line":20,"column":30}},{"start":{"line":20,"column":34},"end":{"line":20,"column":36}}],"line":20},"1":{"loc":{"start":{"line":25,"column":2},"end":{"line":25,"column":38}},"type":"if","locations":[{"start":{"line":25,"column":2},"end":{"line":25,"column":38}},{"start":{},"end":{}}],"line":25}},"s":{"0":2,"1":4,"2":4,"3":4,"4":1,"5":3,"6":2},"f":{"0":4},"b":{"0":[4,0],"1":[1,3]},"_coverageSchema":"1a1c01bbd47fc00a2c39e90264f33305004495a9","hash":"33dd6b9bd2e4dfc42c152f3e0894c7138e9f0a10"}
,"/Users/darshanaswathappa/PulseMonitor/lambda/notifier/lib/render.js": {"path":"/Users/darshanaswathappa/PulseMonitor/lambda/notifier/lib/render.js","statementMap":{"0":{"start":{"line":1,"column":21},"end":{"line":1,"column":92}},"1":{"start":{"line":9,"column":2},"end":{"line":9,"column":69}},"2":{"start":{"line":9,"column":51},"end":{"line":9,"column":67}},"3":{"start":{"line":13,"column":2},"end":{"line":17,"column":3}},"4":{"start":{"line":14,"column":4},"end":{"line":14,"column":29}},"5":{"start":{"line":16,"column":4},"end":{"line":16,"column":15}},"6":{"start":{"line":21,"column":18},"end":{"line":21,"column":54}},"7":{"start":{"line":22,"column":2},"end":{"line":24,"column":3}},"8":{"start":{"line":23,"column":4},"end":{"line":23,"column":59}},"9":{"start":{"line":25,"column":16},"end":{"line":25,"column":40}},"10":{"start":{"line":26,"column":20},"end":{"line":26,"column":32}},"11":{"start":{"line":27,"column":19},"end":{"line":27,"column":59}},"12":{"start":{"line":28,"column":21},"end":{"line":28,"column":89}},"13":{"start":{"line":29,"column":2},"end":{"line":29,"column":37}},"14":{"start":{"line":33,"column":17},"end":{"line":33,"column":55}},"15":{"start":{"line":34,"column":15},"end":{"line":34,"column":35}},"16":{"start":{"line":35,"column":2},"end":{"line":35,"column":69}},"17":{"start":{"line":38,"column":20},"end":{"line":38,"column":92}},"18":{"start":{"line":41,"column":18},"end":{"line":41,"column":57}},"19":{"start":{"line":43,"column":20},"end":{"line":52,"column":35}},"20":{"start":{"line":52,"column":21},"end":{"line":52,"column":34}},"21":{"start":{"line":54,"column":20},"end":{"line":63,"column":35}},"22":{"start":{"line":63,"column":21},"end":{"line":63,"column":34}},"23":{"start":{"line":65,"column":2},"end":{"line":65,"column":77}},"24":{"start":{"line":69,"column":18},"end":{"line":69,"column":62}},"25":{"start":{"line":72,"column":4},"end":{"line":74,"column":12}},"26":{"start":{"line":76,"column":20},"end":{"line":84,"column":35}},"27":{"start":{"line":84,"column":21},"end":{"line":84,"column":34}},"28":{"start":{"line":86,"column":20},"end":{"line":94,"column":35}},"29":{"start":{"line":94,"column":21},"end":{"line":94,"column":34}},"30":{"start":{"line":96,"column":2},"end":{"line":96,"column":77}},"31":{"start":{"line":99,"column":0},"end":{"line":99,"column":87}}},"fnMap":{"0":{"name":"escapeHtml","decl":{"start":{"line":8,"column":9},"end":{"line":8,"column":19}},"loc":{"start":{"line":8,"column":27},"end":{"line":10,"column":1}},"line":8},"1":{"name":"(anonymous_1)","decl":{"start":{"line":9,"column":43},"end":{"line":9,"column":44}},"loc":{"start":{"line":9,"column":51},"end":{"line":9,"column":67}},"line":9},"2":{"name":"safeHost","decl":{"start":{"line":12,"column":9},"end":{"line":12,"column":17}},"loc":{"start":{"line":12,"column":23},"end":{"line":18,"column":1}},"line":12},"3":{"name":"formatDuration","decl":{"start":{"line":20,"column":9},"end":{"line":20,"column":23}},"loc":{"start":{"line":20,"column":28},"end":{"line":30,"column":1}},"line":20},"4":{"name":"subjectFor","decl":{"start":{"line":32,"column":9},"end":{"line":32,"column":19}},"loc":{"start":{"line":32,"column":47},"end":{"line":36,"column":1}},"line":32},"5":{"name":"renderDownEmail","decl":{"start":{"line":40,"column":9},"end":{"line":40,"column":24}},"loc":{"start":{"line":40,"column":50},"end":{"line":66,"column":1}},"line":40},"6":{"name":"(anonymous_6)","decl":{"start":{"line":52,"column":11},"end":{"line":52,"column":12}},"loc":{"start":{"line":52,"column":21},"end":{"line":52,"column":34}},"line":52},"7":{"name":"(anonymous_7)","decl":{"start":{"line":63,"column":11},"end":{"line":63,"column":12}},"loc":{"start":{"line":63,"column":21},"end":{"line":63,"column":34}},"line":63},"8":{"name":"renderRecoveredEmail","decl":{"start":{"line":68,"column":9},"end":{"line":68,"column":29}},"loc":{"start":{"line":68,"column":55},"end":{"line":97,"column":1}},"line":68},"9":{"name":"(anonymous_9)","decl":{"start":{"line":84,"column":11},"end":{"line":84,"column":12}},"loc":{"start":{"line":84,"column":21},"end":{"line":84,"column":34}},"line":84},"10":{"name":"(anonymous_10)","decl":{"start":{"line":94,"column":11},"end":{"line":94,"column":12}},"loc":{"start":{"line":94,"column":21},"end":{"line":94,"column":34}},"line":94}},"branchMap":{"0":{"loc":{"start":{"line":22,"column":2},"end":{"line":24,"column":3}},"type":"if","locations":[{"start":{"line":22,"column":2},"end":{"line":24,"column":3}},{"start":{},"end":{}}],"line":22},"1":{"loc":{"start":{"line":23,"column":32},"end":{"line":23,"column":56}},"type":"cond-expr","locations":[{"start":{"line":23,"column":48},"end":{"line":23,"column":50}},{"start":{"line":23,"column":53},"end":{"line":23,"column":56}}],"line":23},"2":{"loc":{"start":{"line":27,"column":35},"end":{"line":27,"column":57}},"type":"cond-expr","locations":[{"start":{"line":27,"column":49},"end":{"line":27,"column":51}},{"start":{"line":27,"column":54},"end":{"line":27,"column":57}}],"line":27},"3":{"loc":{"start":{"line":28,"column":21},"end":{"line":28,"column":89}},"type":"cond-expr","locations":[{"start":{"line":28,"column":33},"end":{"line":28,"column":84}},{"start":{"line":28,"column":87},"end":{"line":28,"column":89}}],"line":28},"4":{"loc":{"start":{"line":28,"column":56},"end":{"line":28,"column":82}},"type":"cond-expr","locations":[{"start":{"line":28,"column":74},"end":{"line":28,"column":76}},{"start":{"line":28,"column":79},"end":{"line":28,"column":82}}],"line":28},"5":{"loc":{"start":{"line":33,"column":17},"end":{"line":33,"column":55}},"type":"cond-expr","locations":[{"start":{"line":33,"column":42},"end":{"line":33,"column":50}},{"start":{"line":33,"column":53},"end":{"line":33,"column":55}}],"line":33},"6":{"loc":{"start":{"line":47,"column":4},"end":{"line":47,"column":76}},"type":"cond-expr","locations":[{"start":{"line":47,"column":33},"end":{"line":47,"column":69}},{"start":{"line":47,"column":72},"end":{"line":47,"column":76}}],"line":47},"7":{"loc":{"start":{"line":48,"column":4},"end":{"line":48,"column":65}},"type":"cond-expr","locations":[{"start":{"line":48,"column":24},"end":{"line":48,"column":58}},{"start":{"line":48,"column":61},"end":{"line":48,"column":65}}],"line":48},"8":{"loc":{"start":{"line":49,"column":4},"end":{"line":49,"column":74}},"type":"cond-expr","locations":[{"start":{"line":49,"column":27},"end":{"line":49,"column":67}},{"start":{"line":49,"column":70},"end":{"line":49,"column":74}}],"line":49},"9":{"loc":{"start":{"line":58,"column":4},"end":{"line":58,"column":97}},"type":"cond-expr","locations":[{"start":{"line":58,"column":33},"end":{"line":58,"column":90}},{"start":{"line":58,"column":93},"end":{"line":58,"column":97}}],"line":58},"10":{"loc":{"start":{"line":59,"column":4},"end":{"line":59,"column":86}},"type":"cond-expr","locations":[{"start":{"line":59,"column":24},"end":{"line":59,"column":79}},{"start":{"line":59,"column":82},"end":{"line":59,"column":86}}],"line":59},"11":{"loc":{"start":{"line":60,"column":4},"end":{"line":60,"column":95}},"type":"cond-expr","locations":[{"start":{"line":60,"column":27},"end":{"line":60,"column":88}},{"start":{"line":60,"column":91},"end":{"line":60,"column":95}}],"line":60},"12":{"loc":{"start":{"line":72,"column":4},"end":{"line":74,"column":12}},"type":"cond-expr","locations":[{"start":{"line":73,"column":8},"end":{"line":73,"column":100}},{"start":{"line":74,"column":8},"end":{"line":74,"column":12}}],"line":72},"13":{"loc":{"start":{"line":80,"column":4},"end":{"line":80,"column":76}},"type":"cond-expr","locations":[{"start":{"line":80,"column":33},"end":{"line":80,"column":69}},{"start":{"line":80,"column":72},"end":{"line":80,"column":76}}],"line":80},"14":{"loc":{"start":{"line":81,"column":4},"end":{"line":81,"column":45}},"type":"cond-expr","locations":[{"start":{"line":81,"column":15},"end":{"line":81,"column":38}},{"start":{"line":81,"column":41},"end":{"line":81,"column":45}}],"line":81},"15":{"loc":{"start":{"line":90,"column":4},"end":{"line":90,"column":97}},"type":"cond-expr","locations":[{"start":{"line":90,"column":33},"end":{"line":90,"column":90}},{"start":{"line":90,"column":93},"end":{"line":90,"column":97}}],"line":90},"16":{"loc":{"start":{"line":91,"column":4},"end":{"line":91,"column":66}},"type":"cond-expr","locations":[{"start":{"line":91,"column":15},"end":{"line":91,"column":59}},{"start":{"line":91,"column":62},"end":{"line":91,"column":66}}],"line":91}},"s":{"0":2,"1":71,"2":24,"3":12,"4":12,"5":0,"6":3,"7":3,"8":3,"9":0,"10":0,"11":0,"12":0,"13":0,"14":12,"15":12,"16":12,"17":2,"18":8,"19":8,"20":64,"21":8,"22":64,"23":8,"24":4,"25":4,"26":4,"27":28,"28":4,"29":28,"30":4,"31":2},"f":{"0":71,"1":24,"2":12,"3":3,"4":12,"5":8,"6":64,"7":64,"8":4,"9":28,"10":28},"b":{"0":[3,0],"1":[0,3],"2":[0,0],"3":[0,0],"4":[0,0],"5":[1,11],"6":[0,8],"7":[8,0],"8":[8,0],"9":[0,8],"10":[8,0],"11":[8,0],"12":[3,1],"13":[4,0],"14":[3,1],"15":[4,0],"16":[3,1]},"_coverageSchema":"1a1c01bbd47fc00a2c39e90264f33305004495a9","hash":"41925314bb031fb1ccf2d3c6851a77ead416988e"}
}
