TN:
SF:index.js
FN:10,readEnv
FN:12,(anonymous_1)
FN:35,makeClients
FN:46,handler
FNF:4
FNH:4
FNDA:8,readEnv
FNDA:16,(anonymous_1)
FNDA:7,makeClients
FNDA:8,handler
DA:1,1
DA:2,1
DA:3,1
DA:5,1
DA:6,1
DA:7,1
DA:8,1
DA:11,8
DA:12,16
DA:13,8
DA:14,1
DA:17,7
DA:36,7
DA:39,7
DA:40,7
DA:43,7
DA:47,8
DA:48,7
DA:50,7
DA:56,7
DA:57,1
DA:60,6
DA:61,6
DA:63,1
DA:64,1
DA:68,5
DA:72,5
DA:73,5
DA:75,5
DA:76,5
DA:85,2
DA:86,1
DA:87,1
DA:88,1
DA:93,1
DA:96,3
DA:99,1
LF:37
LH:37
BRDA:13,0,0,1
BRDA:13,0,1,7
BRDA:19,1,0,7
BRDA:19,1,1,7
BRDA:21,2,0,7
BRDA:21,2,1,7
BRDA:27,3,0,7
BRDA:27,3,1,6
BRDA:28,4,0,7
BRDA:28,4,1,7
BRDA:29,5,0,7
BRDA:29,5,1,7
BRDA:37,6,0,0
BRDA:37,6,1,7
BRDA:41,7,0,0
BRDA:41,7,1,7
BRDA:56,8,0,1
BRDA:56,8,1,6
BRDA:56,9,0,7
BRDA:56,9,1,2
BRDA:61,10,0,1
BRDA:61,10,1,5
BRDA:68,11,0,4
BRDA:68,11,1,1
BRDA:72,12,0,5
BRDA:72,12,1,4
BRDA:73,13,0,1
BRDA:73,13,1,4
BRDA:85,14,0,1
BRDA:85,14,1,1
BRDA:86,15,0,1
BRDA:86,15,1,0
BRF:32
BRH:29
end_of_record
TN:
SF:lib/email.js
FN:3,sendEmail
FN:30,isPermanentRejection
FNF:2
FNH:2
FNDA:1,sendEmail
FNDA:7,isPermanentRejection
DA:1,2
DA:4,1
DA:28,2
DA:31,7
DA:32,4
DA:35,2
LF:6
LH:6
BRDA:31,0,0,3
BRDA:31,0,1,4
BRDA:32,1,0,4
BRDA:32,1,1,0
BRF:4
BRH:3
end_of_record
TN:
SF:lib/metrics.js
FN:5,emitNotificationFailedMetric
FNF:1
FNH:0
FNDA:0,emitNotificationFailedMetric
DA:6,0
DA:21,0
DA:24,1
LF:3
LH:1
BRF:0
BRH:0
end_of_record
TN:
SF:lib/owner.js
FN:9,resolveOwnerEmail
FNF:1
FNH:1
FNDA:4,resolveOwnerEmail
DA:1,2
DA:10,4
DA:20,4
DA:25,4
DA:27,3
DA:30,2
LF:6
LH:6
BRDA:20,0,0,4
BRDA:20,0,1,0
BRDA:25,1,0,1
BRDA:25,1,1,3
BRF:4
BRH:3
end_of_record
TN:
SF:lib/render.js
FN:8,escapeHtml
FN:9,(anonymous_1)
FN:12,safeHost
FN:20,formatDuration
FN:32,subjectFor
FN:40,renderDownEmail
FN:52,(anonymous_6)
FN:63,(anonymous_7)
FN:68,renderRecoveredEmail
FN:84,(anonymous_9)
FN:94,(anonymous_10)
FNF:11
FNH:11
FNDA:71,escapeHtml
FNDA:24,(anonymous_1)
FNDA:12,safeHost
FNDA:3,formatDuration
FNDA:12,subjectFor
FNDA:8,renderDownEmail
FNDA:64,(anonymous_6)
FNDA:64,(anonymous_7)
FNDA:4,renderRecoveredEmail
FNDA:28,(anonymous_9)
FNDA:28,(anonymous_10)
DA:1,2
DA:9,71
DA:13,12
DA:14,12
DA:16,0
DA:21,3
DA:22,3
DA:23,3
DA:25,0
DA:26,0
DA:27,0
DA:28,0
DA:29,0
DA:33,12
DA:34,12
DA:35,12
DA:38,2
DA:41,8
DA:43,8
DA:52,64
DA:54,8
DA:63,64
DA:65,8
DA:69,4
DA:72,4
DA:76,4
DA:84,28
DA:86,4
DA:94,28
DA:96,4
DA:99,2
LF:31
LH:25
BRDA:22,0,0,3
BRDA:22,0,1,0
BRDA:23,1,0,0
BRDA:23,1,1,3
BRDA:27,2,0,0
BRDA:27,2,1,0
BRDA:28,3,0,0
BRDA:28,3,1,0
BRDA:28,4,0,0
BRDA:28,4,1,0
BRDA:33,5,0,1
BRDA:33,5,1,11
BRDA:47,6,0,0
BRDA:47,6,1,8
BRDA:48,7,0,8
BRDA:48,7,1,0
BRDA:49,8,0,8
BRDA:49,8,1,0
BRDA:58,9,0,0
BRDA:58,9,1,8
BRDA:59,10,0,8
BRDA:59,10,1,0
BRDA:60,11,0,8
BRDA:60,11,1,0
BRDA:72,12,0,3
BRDA:72,12,1,1
BRDA:80,13,0,4
BRDA:80,13,1,0
BRDA:81,14,0,3
BRDA:81,14,1,1
BRDA:90,15,0,4
BRDA:90,15,1,0
BRDA:91,16,0,3
BRDA:91,16,1,1
BRF:34
BRH:18
end_of_record
