<?xml version="1.0" encoding="UTF-8"?>
<coverage generated="1786204623239" clover="3.2.0">
  <project timestamp="1786204623239" name="All files">
    <metrics statements="159" coveredstatements="150" conditionals="121" coveredconditionals="95" methods="31" coveredmethods="30" elements="311" coveredelements="275" complexity="0" loc="159" ncloc="159" packages="2" files="6" classes="6"/>
    <package name="pinger">
      <metrics statements="49" coveredstatements="47" conditionals="32" coveredconditionals="24" methods="12" coveredmethods="12"/>
      <file name="index.js" path="/Users/darshanaswathappa/PulseMonitor/lambda/pinger/index.js">
        <metrics statements="49" coveredstatements="47" conditionals="32" coveredconditionals="24" methods="12" coveredmethods="12"/>
        <line num="1" count="1" type="stmt"/>
        <line num="2" count="1" type="stmt"/>
        <line num="3" count="1" type="stmt"/>
        <line num="4" count="1" type="stmt"/>
        <line num="6" count="1" type="stmt"/>
        <line num="7" count="1" type="stmt"/>
        <line num="8" count="1" type="stmt"/>
        <line num="9" count="1" type="stmt"/>
        <line num="10" count="1" type="stmt"/>
        <line num="13" count="7" type="stmt"/>
        <line num="14" count="14" type="stmt"/>
        <line num="15" count="7" type="cond" truecount="1" falsecount="1"/>
        <line num="16" count="0" type="stmt"/>
        <line num="19" count="7" type="stmt"/>
        <line num="38" count="7" type="stmt"/>
        <line num="41" count="7" type="stmt"/>
        <line num="42" count="7" type="stmt"/>
        <line num="45" count="7" type="stmt"/>
        <line num="48" count="7" type="stmt"/>
        <line num="54" count="7" type="stmt"/>
        <line num="55" count="7" type="stmt"/>
        <line num="58" count="7" type="stmt"/>
        <line num="59" count="7" type="cond" truecount="1" falsecount="1"/>
        <line num="60" count="7" type="stmt"/>
        <line num="61" count="7" type="stmt"/>
        <line num="65" count="7" type="stmt"/>
        <line num="66" count="7" type="stmt"/>
        <line num="70" count="7" type="stmt"/>
        <line num="71" count="7" type="stmt"/>
        <line num="74" count="7" type="stmt"/>
        <line num="75" count="7" type="stmt"/>
        <line num="83" count="1" type="cond" truecount="1" falsecount="1"/>
        <line num="85" count="1" type="stmt"/>
        <line num="87" count="0" type="stmt"/>
        <line num="90" count="6" type="stmt"/>
        <line num="107" count="6" type="stmt"/>
        <line num="114" count="6" type="stmt"/>
        <line num="124" count="7" type="stmt"/>
        <line num="125" count="7" type="stmt"/>
        <line num="127" count="7" type="stmt"/>
        <line num="129" count="7" type="stmt"/>
        <line num="130" count="7" type="cond" truecount="1" falsecount="1"/>
        <line num="132" count="7" type="stmt"/>
        <line num="134" count="7" type="stmt"/>
        <line num="139" count="7" type="stmt"/>
        <line num="140" count="7" type="stmt"/>
        <line num="150" count="7" type="stmt"/>
        <line num="153" count="7" type="cond" truecount="3" falsecount="1"/>
        <line num="157" count="1" type="stmt"/>
      </file>
    </package>
    <package name="pinger.lib">
      <metrics statements="110" coveredstatements="103" conditionals="89" coveredconditionals="71" methods="19" coveredmethods="18"/>
      <file name="events.js" path="/Users/darshanaswathappa/PulseMonitor/lambda/pinger/lib/events.js">
        <metrics statements="17" coveredstatements="17" conditionals="12" coveredconditionals="11" methods="4" coveredmethods="4"/>
        <line num="1" count="2" type="stmt"/>
        <line num="2" count="2" type="stmt"/>
        <line num="5" count="2" type="stmt"/>
        <line num="8" count="6" type="stmt"/>
        <line num="9" count="6" type="stmt"/>
        <line num="10" count="8" type="stmt"/>
        <line num="12" count="6" type="stmt"/>
        <line num="22" count="28" type="stmt"/>
        <line num="51" count="8" type="cond" truecount="5" falsecount="0"/>
        <line num="53" count="28" type="stmt"/>
        <line num="55" count="6" type="stmt"/>
        <line num="56" count="8" type="stmt"/>
        <line num="57" count="8" type="stmt"/>
        <line num="58" count="7" type="cond" truecount="2" falsecount="0"/>
        <line num="59" count="1" type="stmt"/>
        <line num="62" count="1" type="stmt"/>
        <line num="67" count="2" type="stmt"/>
      </file>
      <file name="history.js" path="/Users/darshanaswathappa/PulseMonitor/lambda/pinger/lib/history.js">
        <metrics statements="15" coveredstatements="15" conditionals="2" coveredconditionals="1" methods="2" coveredmethods="2"/>
        <line num="1" count="2" type="stmt"/>
        <line num="2" count="2" type="stmt"/>
        <line num="9" count="4" type="stmt"/>
        <line num="10" count="4" type="stmt"/>
        <line num="11" count="4" type="stmt"/>
        <line num="12" count="4" type="stmt"/>
        <line num="13" count="4" type="stmt"/>
        <line num="14" count="4" type="cond" truecount="1" falsecount="1"/>
        <line num="15" count="4" type="stmt"/>
        <line num="19" count="1" type="stmt"/>
        <line num="20" count="1" type="stmt"/>
        <line num="28" count="1" type="stmt"/>
        <line num="34" count="1" type="stmt"/>
        <line num="44" count="1" type="stmt"/>
        <line num="47" count="2" type="stmt"/>
      </file>
      <file name="metrics.js" path="/Users/darshanaswathappa/PulseMonitor/lambda/pinger/lib/metrics.js">
        <metrics statements="5" coveredstatements="3" conditionals="2" coveredconditionals="0" methods="2" coveredmethods="1"/>
        <line num="6" count="0" type="stmt"/>
        <line num="21" count="0" type="stmt"/>
        <line num="29" count="2" type="stmt"/>
        <line num="43" count="2" type="stmt"/>
        <line num="46" count="2" type="stmt"/>
      </file>
      <file name="ping.js" path="/Users/darshanaswathappa/PulseMonitor/lambda/pinger/lib/ping.js">
        <metrics statements="40" coveredstatements="35" conditionals="51" coveredconditionals="38" methods="7" coveredmethods="7"/>
        <line num="1" count="2" type="stmt"/>
        <line num="6" count="2" type="stmt"/>
        <line num="16" count="64" type="stmt"/>
        <line num="20" count="2" type="stmt"/>
        <line num="21" count="2" type="cond" truecount="2" falsecount="2"/>
        <line num="25" count="16" type="cond" truecount="2" falsecount="0"/>
        <line num="34" count="9" type="stmt"/>
        <line num="35" count="9" type="stmt"/>
        <line num="37" count="0" type="stmt"/>
        <line num="40" count="9" type="cond" truecount="4" falsecount="0"/>
        <line num="41" count="1" type="stmt"/>
        <line num="44" count="8" type="stmt"/>
        <line num="45" count="8" type="stmt"/>
        <line num="46" count="8" type="cond" truecount="2" falsecount="0"/>
        <line num="47" count="1" type="stmt"/>
        <line num="50" count="0" type="stmt"/>
        <line num="53" count="7" type="stmt"/>
        <line num="60" count="3" type="cond" truecount="2" falsecount="0"/>
        <line num="61" count="3" type="cond" truecount="1" falsecount="1"/>
        <line num="62" count="3" type="cond" truecount="2" falsecount="0"/>
        <line num="63" count="3" type="cond" truecount="3" falsecount="1"/>
        <line num="65" count="3" type="cond" truecount="4" falsecount="0"/>
        <line num="66" count="2" type="cond" truecount="2" falsecount="2"/>
        <line num="67" count="0" type="cond" truecount="0" falsecount="2"/>
        <line num="68" count="0" type="cond" truecount="0" falsecount="2"/>
        <line num="69" count="0" type="stmt"/>
        <line num="77" count="9" type="stmt"/>
        <line num="78" count="9" type="cond" truecount="2" falsecount="0"/>
        <line num="79" count="2" type="stmt"/>
        <line num="88" count="7" type="stmt"/>
        <line num="89" count="7" type="stmt"/>
        <line num="90" count="7" type="stmt"/>
        <line num="96" count="4" type="stmt"/>
        <line num="97" count="4" type="stmt"/>
        <line num="99" count="4" type="stmt"/>
        <line num="100" count="4" type="cond" truecount="2" falsecount="0"/>
        <line num="102" count="4" type="stmt"/>
        <line num="110" count="3" type="cond" truecount="3" falsecount="1"/>
        <line num="111" count="3" type="stmt"/>
        <line num="121" count="2" type="stmt"/>
      </file>
      <file name="sites.js" path="/Users/darshanaswathappa/PulseMonitor/lambda/pinger/lib/sites.js">
        <metrics statements="33" coveredstatements="33" conditionals="22" coveredconditionals="21" methods="4" coveredmethods="4"/>
        <line num="1" count="2" type="stmt"/>
        <line num="7" count="2" type="stmt"/>
        <line num="8" count="2" type="stmt"/>
        <line num="10" count="2" type="stmt"/>
        <line num="18" count="2" type="stmt"/>
        <line num="24" count="14" type="cond" truecount="2" falsecount="0"/>
        <line num="26" count="10" type="stmt"/>
        <line num="27" count="10" type="cond" truecount="2" falsecount="0"/>
        <line num="29" count="9" type="cond" truecount="2" falsecount="0"/>
        <line num="30" count="9" type="stmt"/>
        <line num="34" count="6" type="stmt"/>
        <line num="37" count="6" type="stmt"/>
        <line num="38" count="7" type="stmt"/>
        <line num="46" count="7" type="cond" truecount="1" falsecount="1"/>
        <line num="47" count="7" type="stmt"/>
        <line num="50" count="6" type="cond" truecount="2" falsecount="0"/>
        <line num="57" count="11" type="cond" truecount="2" falsecount="0"/>
        <line num="59" count="11" type="stmt"/>
        <line num="67" count="11" type="stmt"/>
        <line num="76" count="11" type="cond" truecount="2" falsecount="0"/>
        <line num="77" count="6" type="stmt"/>
        <line num="78" count="6" type="stmt"/>
        <line num="79" count="5" type="cond" truecount="2" falsecount="0"/>
        <line num="81" count="3" type="stmt"/>
        <line num="82" count="3" type="stmt"/>
        <line num="86" count="2" type="stmt"/>
        <line num="87" count="2" type="stmt"/>
        <line num="88" count="2" type="stmt"/>
        <line num="91" count="11" type="cond" truecount="2" falsecount="0"/>
        <line num="92" count="7" type="stmt"/>
        <line num="95" count="11" type="stmt"/>
        <line num="106" count="10" type="stmt"/>
        <line num="113" count="2" type="stmt"/>
      </file>
    </package>
  </project>
</coverage>
