{"/Users/darshanaswathappa/PulseMonitor/lambda/pinger/index.js": {"path":"/Users/darshanaswathappa/PulseMonitor/lambda/pinger/index.js","statementMap":{"0":{"start":{"line":1,"column":27},"end":{"line":1,"column":62}},"1":{"start":{"line":2,"column":35},"end":{"line":2,"column":67}},"2":{"start":{"line":3,"column":21},"end":{"line":3,"column":50}},"3":{"start":{"line":5,"column":20},"end":{"line":5,"column":41}},"4":{"start":{"line":6,"column":42},"end":{"line":6,"column":64}},"5":{"start":{"line":7,"column":31},"end":{"line":7,"column":55}},"6":{"start":{"line":8,"column":31},"end":{"line":8,"column":55}},"7":{"start":{"line":11,"column":19},"end":{"line":11,"column":52}},"8":{"start":{"line":12,"column":18},"end":{"line":12,"column":61}},"9":{"start":{"line":12,"column":43},"end":{"line":12,"column":60}},"10":{"start":{"line":13,"column":2},"end":{"line":15,"column":3}},"11":{"start":{"line":14,"column":4},"end":{"line":14,"column":85}},"12":{"start":{"line":17,"column":2},"end":{"line":27,"column":4}},"13":{"start":{"line":31,"column":17},"end":{"line":33,"column":4}},"14":{"start":{"line":34,"column":20},"end":{"line":34,"column":55}},"15":{"start":{"line":35,"column":19},"end":{"line":37,"column":4}},"16":{"start":{"line":38,"column":2},"end":{"line":38,"column":33}},"17":{"start":{"line":44,"column":15},"end":{"line":44,"column":16}},"18":{"start":{"line":45,"column":18},"end":{"line":45,"column":20}},"19":{"start":{"line":48,"column":4},"end":{"line":52,"column":5}},"20":{"start":{"line":49,"column":6},"end":{"line":49,"column":31}},"21":{"start":{"line":49,"column":24},"end":{"line":49,"column":31}},"22":{"start":{"line":50,"column":20},"end":{"line":50,"column":28}},"23":{"start":{"line":51,"column":6},"end":{"line":51,"column":50}},"24":{"start":{"line":55,"column":2},"end":{"line":55,"column":87}},"25":{"start":{"line":56,"column":2},"end":{"line":56,"column":17}},"26":{"start":{"line":60,"column":20},"end":{"line":60,"column":44}},"27":{"start":{"line":61,"column":17},"end":{"line":61,"column":77}},"28":{"start":{"line":63,"column":2},"end":{"line":77,"column":3}},"29":{"start":{"line":64,"column":4},"end":{"line":70,"column":7}},"30":{"start":{"line":72,"column":4},"end":{"line":75,"column":5}},"31":{"start":{"line":74,"column":6},"end":{"line":74,"column":53}},"32":{"start":{"line":76,"column":4},"end":{"line":76,"column":14}},"33":{"start":{"line":79,"column":2},"end":{"line":94,"column":5}},"34":{"start":{"line":96,"column":2},"end":{"line":101,"column":5}},"35":{"start":{"line":103,"column":2},"end":{"line":103,"column":57}},"36":{"start":{"line":107,"column":17},"end":{"line":107,"column":26}},"37":{"start":{"line":108,"column":34},"end":{"line":108,"column":53}},"38":{"start":{"line":110,"column":16},"end":{"line":110,"column":64}},"39":{"start":{"line":112,"column":21},"end":{"line":113,"column":105}},"40":{"start":{"line":113,"column":4},"end":{"line":113,"column":105}},"41":{"start":{"line":115,"column":18},"end":{"line":115,"column":133}},"42":{"start":{"line":115,"column":72},"end":{"line":115,"column":120}},"43":{"start":{"line":117,"column":2},"end":{"line":121,"column":4}},"44":{"start":{"line":124,"column":0},"end":{"line":124,"column":29}}},"fnMap":{"0":{"name":"readEnv","decl":{"start":{"line":10,"column":9},"end":{"line":10,"column":16}},"loc":{"start":{"line":10,"column":19},"end":{"line":28,"column":1}},"line":10},"1":{"name":"(anonymous_1)","decl":{"start":{"line":12,"column":34},"end":{"line":12,"column":35}},"loc":{"start":{"line":12,"column":43},"end":{"line":12,"column":60}},"line":12},"2":{"name":"makeClients","decl":{"start":{"line":30,"column":9},"end":{"line":30,"column":20}},"loc":{"start":{"line":30,"column":29},"end":{"line":39,"column":1}},"line":30},"3":{"name":"runPool","decl":{"start":{"line":43,"column":15},"end":{"line":43,"column":22}},"loc":{"start":{"line":43,"column":63},"end":{"line":57,"column":1}},"line":43},"4":{"name":"next","decl":{"start":{"line":47,"column":17},"end":{"line":47,"column":21}},"loc":{"start":{"line":47,"column":24},"end":{"line":53,"column":3}},"line":47},"5":{"name":"checkSite","decl":{"start":{"line":59,"column":15},"end":{"line":59,"column":24}},"loc":{"start":{"line":59,"column":64},"end":{"line":104,"column":1}},"line":59},"6":{"name":"handler","decl":{"start":{"line":106,"column":15},"end":{"line":106,"column":22}},"loc":{"start":{"line":106,"column":39},"end":{"line":122,"column":1}},"line":106},"7":{"name":"(anonymous_7)","decl":{"start":{"line":112,"column":21},"end":{"line":112,"column":22}},"loc":{"start":{"line":113,"column":4},"end":{"line":113,"column":105}},"line":113},"8":{"name":"(anonymous_8)","decl":{"start":{"line":115,"column":62},"end":{"line":115,"column":63}},"loc":{"start":{"line":115,"column":72},"end":{"line":115,"column":120}},"line":115}},"branchMap":{"0":{"loc":{"start":{"line":13,"column":2},"end":{"line":15,"column":3}},"type":"if","locations":[{"start":{"line":13,"column":2},"end":{"line":15,"column":3}},{"start":{},"end":{}}],"line":13},"1":{"loc":{"start":{"line":20,"column":19},"end":{"line":20,"column":56}},"type":"binary-expr","locations":[{"start":{"line":20,"column":19},"end":{"line":20,"column":45}},{"start":{"line":20,"column":49},"end":{"line":20,"column":56}}],"line":20},"2":{"loc":{"start":{"line":21,"column":19},"end":{"line":21,"column":63}},"type":"binary-expr","locations":[{"start":{"line":21,"column":19},"end":{"line":21,"column":54}},{"start":{"line":21,"column":58},"end":{"line":21,"column":63}}],"line":21},"3":{"loc":{"start":{"line":22,"column":20},"end":{"line":22,"column":61}},"type":"binary-expr","locations":[{"start":{"line":22,"column":20},"end":{"line":22,"column":55}},{"start":{"line":22,"column":59},"end":{"line":22,"column":61}}],"line":22},"4":{"loc":{"start":{"line":23,"column":21},"end":{"line":23,"column":67}},"type":"binary-expr","locations":[{"start":{"line":23,"column":21},"end":{"line":23,"column":49}},{"start":{"line":23,"column":53},"end":{"line":23,"column":67}}],"line":23},"5":{"loc":{"start":{"line":24,"column":17},"end":{"line":24,"column":49}},"type":"binary-expr","locations":[{"start":{"line":24,"column":17},"end":{"line":24,"column":40}},{"start":{"line":24,"column":44},"end":{"line":24,"column":49}}],"line":24},"6":{"loc":{"start":{"line":32,"column":8},"end":{"line":32,"column":72}},"type":"cond-expr","locations":[{"start":{"line":32,"column":32},"end":{"line":32,"column":67}},{"start":{"line":32,"column":70},"end":{"line":32,"column":72}}],"line":32},"7":{"loc":{"start":{"line":36,"column":8},"end":{"line":36,"column":86}},"type":"cond-expr","locations":[{"start":{"line":36,"column":28},"end":{"line":36,"column":81}},{"start":{"line":36,"column":84},"end":{"line":36,"column":86}}],"line":36},"8":{"loc":{"start":{"line":49,"column":6},"end":{"line":49,"column":31}},"type":"if","locations":[{"start":{"line":49,"column":6},"end":{"line":49,"column":31}},{"start":{},"end":{}}],"line":49},"9":{"loc":{"start":{"line":72,"column":4},"end":{"line":75,"column":5}},"type":"if","locations":[{"start":{"line":72,"column":4},"end":{"line":75,"column":5}},{"start":{},"end":{}}],"line":72},"10":{"loc":{"start":{"line":92,"column":14},"end":{"line":92,"column":51}},"type":"binary-expr","locations":[{"start":{"line":92,"column":14},"end":{"line":92,"column":36}},{"start":{"line":92,"column":40},"end":{"line":92,"column":51}}],"line":92},"11":{"loc":{"start":{"line":113,"column":4},"end":{"line":113,"column":105}},"type":"binary-expr","locations":[{"start":{"line":113,"column":4},"end":{"line":113,"column":59}},{"start":{"line":113,"column":63},"end":{"line":113,"column":105}}],"line":113}},"s":{"0":1,"1":1,"2":1,"3":1,"4":1,"5":1,"6":1,"7":2,"8":2,"9":4,"10":2,"11":0,"12":2,"13":2,"14":2,"15":2,"16":2,"17":2,"18":2,"19":2,"20":2,"21":0,"22":2,"23":2,"24":2,"25":2,"26":2,"27":2,"28":2,"29":2,"30":0,"31":0,"32":0,"33":2,"34":2,"35":2,"36":2,"37":2,"38":2,"39":2,"40":2,"41":2,"42":2,"43":2,"44":1},"f":{"0":2,"1":4,"2":2,"3":2,"4":2,"5":2,"6":2,"7":2,"8":2},"b":{"0":[0,2],"1":[2,2],"2":[2,2],"3":[2,2],"4":[2,2],"5":[2,2],"6":[0,2],"7":[0,2],"8":[0,2],"9":[0,0],"10":[2,2],"11":[2,0]},"_coverageSchema":"1a1c01bbd47fc00a2c39e90264f33305004495a9","hash":"7330917137853029c505babf582cb68d58d84877"}
,"/Users/darshanaswathappa/PulseMonitor/lambda/pinger/lib/history.js": {"path":"/Users/darshanaswathappa/PulseMonitor/lambda/pinger/lib/history.js","statementMap":{"0":{"start":{"line":1,"column":23},"end":{"line":1,"column":45}},"1":{"start":{"line":2,"column":29},"end":{"line":2,"column":58}},"2":{"start":{"line":9,"column":12},"end":{"line":9,"column":31}},"3":{"start":{"line":10,"column":15},"end":{"line":10,"column":33}},"4":{"start":{"line":11,"column":13},"end":{"line":11,"column":57}},"5":{"start":{"line":12,"column":13},"end":{"line":12,"column":52}},"6":{"start":{"line":13,"column":18},"end":{"line":13,"column":29}},"7":{"start":{"line":14,"column":18},"end":{"line":14,"column":73}},"8":{"start":{"line":15,"column":2},"end":{"line":15,"column":88}},"9":{"start":{"line":19,"column":18},"end":{"line":19,"column":30}},"10":{"start":{"line":20,"column":14},"end":{"line":26,"column":4}},"11":{"start":{"line":28,"column":15},"end":{"line":32,"column":4}},"12":{"start":{"line":34,"column":2},"end":{"line":42,"column":4}},"13":{"start":{"line":44,"column":2},"end":{"line":44,"column":13}},"14":{"start":{"line":47,"column":0},"end":{"line":47,"column":57}}},"fnMap":{"0":{"name":"buildHistoryKey","decl":{"start":{"line":8,"column":9},"end":{"line":8,"column":24}},"loc":{"start":{"line":8,"column":73},"end":{"line":16,"column":1}},"line":8},"1":{"name":"writeHistoryRecord","decl":{"start":{"line":18,"column":15},"end":{"line":18,"column":33}},"loc":{"start":{"line":18,"column":72},"end":{"line":45,"column":1}},"line":18}},"branchMap":{"0":{"loc":{"start":{"line":14,"column":19},"end":{"line":14,"column":42}},"type":"binary-expr","locations":[{"start":{"line":14,"column":19},"end":{"line":14,"column":26}},{"start":{"line":14,"column":30},"end":{"line":14,"column":42}}],"line":14}},"s":{"0":2,"1":2,"2":4,"3":4,"4":4,"5":4,"6":4,"7":4,"8":4,"9":1,"10":1,"11":1,"12":1,"13":1,"14":2},"f":{"0":4,"1":1},"b":{"0":[4,0]},"_coverageSchema":"1a1c01bbd47fc00a2c39e90264f33305004495a9","hash":"aa299aadd234e546e9a1fa800255ff2be5e33337"}
,"/Users/darshanaswathappa/PulseMonitor/lambda/pinger/lib/metrics.js": {"path":"/Users/darshanaswathappa/PulseMonitor/lambda/pinger/lib/metrics.js","statementMap":{"0":{"start":{"line":6,"column":14},"end":{"line":20,"column":3}},"1":{"start":{"line":21,"column":2},"end":{"line":21,"column":35}},"2":{"start":{"line":24,"column":0},"end":{"line":24,"column":40}}},"fnMap":{"0":{"name":"emitSiteDownMetric","decl":{"start":{"line":5,"column":9},"end":{"line":5,"column":27}},"loc":{"start":{"line":5,"column":72},"end":{"line":22,"column":1}},"line":5}},"branchMap":{"0":{"loc":{"start":{"line":19,"column":14},"end":{"line":19,"column":28}},"type":"cond-expr","locations":[{"start":{"line":19,"column":23},"end":{"line":19,"column":24}},{"start":{"line":19,"column":27},"end":{"line":19,"column":28}}],"line":19}},"s":{"0":0,"1":0,"2":1},"f":{"0":0},"b":{"0":[0,0]},"_coverageSchema":"1a1c01bbd47fc00a2c39e90264f33305004495a9","hash":"b521a42c3bcf5c58a08286cea6e68a661ab4c876"}
,"/Users/darshanaswathappa/PulseMonitor/lambda/pinger/lib/ping.js": {"path":"/Users/darshanaswathappa/PulseMonitor/lambda/pinger/lib/ping.js","statementMap":{"0":{"start":{"line":1,"column":12},"end":{"line":1,"column":31}},"1":{"start":{"line":6,"column":26},"end":{"line":13,"column":1}},"2":{"start":{"line":16,"column":2},"end":{"line":16,"column":58}},"3":{"start":{"line":16,"column":40},"end":{"line":16,"column":56}},"4":{"start":{"line":20,"column":21},"end":{"line":20,"column":42}},"5":{"start":{"line":21,"column":2},"end":{"line":21,"column":132}},"6":{"start":{"line":25,"column":2},"end":{"line":25,"column":68}},"7":{"start":{"line":34,"column":2},"end":{"line":38,"column":3}},"8":{"start":{"line":35,"column":4},"end":{"line":35,"column":29}},"9":{"start":{"line":37,"column":4},"end":{"line":37,"column":52}},"10":{"start":{"line":40,"column":2},"end":{"line":42,"column":3}},"11":{"start":{"line":41,"column":4},"end":{"line":41,"column":59}},"12":{"start":{"line":44,"column":2},"end":{"line":51,"column":3}},"13":{"start":{"line":45,"column":32},"end":{"line":45,"column":74}},"14":{"start":{"line":46,"column":4},"end":{"line":48,"column":5}},"15":{"start":{"line":47,"column":6},"end":{"line":47,"column":58}},"16":{"start":{"line":50,"column":4},"end":{"line":50,"column":50}},"17":{"start":{"line":53,"column":2},"end":{"line":53,"column":28}},"18":{"start":{"line":60,"column":16},"end":{"line":60,"column":31}},"19":{"start":{"line":61,"column":15},"end":{"line":61,"column":37}},"20":{"start":{"line":62,"column":15},"end":{"line":62,"column":37}},"21":{"start":{"line":63,"column":18},"end":{"line":63,"column":63}},"22":{"start":{"line":65,"column":2},"end":{"line":65,"column":73}},"23":{"start":{"line":65,"column":56},"end":{"line":65,"column":73}},"24":{"start":{"line":66,"column":2},"end":{"line":66,"column":71}},"25":{"start":{"line":66,"column":52},"end":{"line":66,"column":71}},"26":{"start":{"line":67,"column":2},"end":{"line":67,"column":59}},"27":{"start":{"line":67,"column":31},"end":{"line":67,"column":59}},"28":{"start":{"line":68,"column":2},"end":{"line":68,"column":63}},"29":{"start":{"line":68,"column":44},"end":{"line":68,"column":63}},"30":{"start":{"line":69,"column":2},"end":{"line":69,"column":19}},"31":{"start":{"line":77,"column":16},"end":{"line":77,"column":46}},"32":{"start":{"line":78,"column":2},"end":{"line":86,"column":3}},"33":{"start":{"line":79,"column":4},"end":{"line":85,"column":6}},"34":{"start":{"line":88,"column":20},"end":{"line":88,"column":37}},"35":{"start":{"line":89,"column":2},"end":{"line":118,"column":3}},"36":{"start":{"line":90,"column":16},"end":{"line":95,"column":6}},"37":{"start":{"line":96,"column":22},"end":{"line":96,"column":63}},"38":{"start":{"line":97,"column":4},"end":{"line":97,"column":25}},"39":{"start":{"line":99,"column":23},"end":{"line":99,"column":33}},"40":{"start":{"line":100,"column":15},"end":{"line":100,"column":52}},"41":{"start":{"line":102,"column":4},"end":{"line":108,"column":6}},"42":{"start":{"line":110,"column":19},"end":{"line":110,"column":107}},"43":{"start":{"line":111,"column":4},"end":{"line":117,"column":6}},"44":{"start":{"line":121,"column":0},"end":{"line":121,"column":68}}},"fnMap":{"0":{"name":"isPrivateV4","decl":{"start":{"line":15,"column":9},"end":{"line":15,"column":20}},"loc":{"start":{"line":15,"column":30},"end":{"line":17,"column":1}},"line":15},"1":{"name":"(anonymous_1)","decl":{"start":{"line":16,"column":32},"end":{"line":16,"column":33}},"loc":{"start":{"line":16,"column":40},"end":{"line":16,"column":56}},"line":16},"2":{"name":"isPrivateV6","decl":{"start":{"line":19,"column":9},"end":{"line":19,"column":20}},"loc":{"start":{"line":19,"column":30},"end":{"line":22,"column":1}},"line":19},"3":{"name":"isBlockedAddress","decl":{"start":{"line":24,"column":9},"end":{"line":24,"column":25}},"loc":{"start":{"line":24,"column":43},"end":{"line":26,"column":1}},"line":24},"4":{"name":"assertUrlIsPingable","decl":{"start":{"line":32,"column":15},"end":{"line":32,"column":34}},"loc":{"start":{"line":32,"column":43},"end":{"line":54,"column":1}},"line":32},"5":{"name":"classifyError","decl":{"start":{"line":56,"column":9},"end":{"line":56,"column":22}},"loc":{"start":{"line":56,"column":28},"end":{"line":70,"column":1}},"line":56},"6":{"name":"pingUrl","decl":{"start":{"line":76,"column":15},"end":{"line":76,"column":22}},"loc":{"start":{"line":76,"column":75},"end":{"line":119,"column":1}},"line":76}},"branchMap":{"0":{"loc":{"start":{"line":21,"column":9},"end":{"line":21,"column":131}},"type":"binary-expr","locations":[{"start":{"line":21,"column":9},"end":{"line":21,"column":29}},{"start":{"line":21,"column":33},"end":{"line":21,"column":60}},{"start":{"line":21,"column":64},"end":{"line":21,"column":91}},{"start":{"line":21,"column":95},"end":{"line":21,"column":131}}],"line":21},"1":{"loc":{"start":{"line":25,"column":9},"end":{"line":25,"column":67}},"type":"cond-expr","locations":[{"start":{"line":25,"column":24},"end":{"line":25,"column":44}},{"start":{"line":25,"column":47},"end":{"line":25,"column":67}}],"line":25},"2":{"loc":{"start":{"line":40,"column":2},"end":{"line":42,"column":3}},"type":"if","locations":[{"start":{"line":40,"column":2},"end":{"line":42,"column":3}},{"start":{},"end":{}}],"line":40},"3":{"loc":{"start":{"line":40,"column":6},"end":{"line":40,"column":65}},"type":"binary-expr","locations":[{"start":{"line":40,"column":6},"end":{"line":40,"column":33}},{"start":{"line":40,"column":37},"end":{"line":40,"column":65}}],"line":40},"4":{"loc":{"start":{"line":46,"column":4},"end":{"line":48,"column":5}},"type":"if","locations":[{"start":{"line":46,"column":4},"end":{"line":48,"column":5}},{"start":{},"end":{}}],"line":46},"5":{"loc":{"start":{"line":60,"column":16},"end":{"line":60,"column":31}},"type":"binary-expr","locations":[{"start":{"line":60,"column":16},"end":{"line":60,"column":25}},{"start":{"line":60,"column":29},"end":{"line":60,"column":31}}],"line":60},"6":{"loc":{"start":{"line":61,"column":15},"end":{"line":61,"column":37}},"type":"binary-expr","locations":[{"start":{"line":61,"column":15},"end":{"line":61,"column":23}},{"start":{"line":61,"column":27},"end":{"line":61,"column":37}}],"line":61},"7":{"loc":{"start":{"line":62,"column":15},"end":{"line":62,"column":37}},"type":"binary-expr","locations":[{"start":{"line":62,"column":15},"end":{"line":62,"column":23}},{"start":{"line":62,"column":27},"end":{"line":62,"column":37}}],"line":62},"8":{"loc":{"start":{"line":63,"column":21},"end":{"line":63,"column":38}},"type":"binary-expr","locations":[{"start":{"line":63,"column":21},"end":{"line":63,"column":32}},{"start":{"line":63,"column":36},"end":{"line":63,"column":38}}],"line":63},"9":{"loc":{"start":{"line":63,"column":42},"end":{"line":63,"column":61}},"type":"binary-expr","locations":[{"start":{"line":63,"column":42},"end":{"line":63,"column":55}},{"start":{"line":63,"column":59},"end":{"line":63,"column":61}}],"line":63},"10":{"loc":{"start":{"line":65,"column":2},"end":{"line":65,"column":73}},"type":"if","locations":[{"start":{"line":65,"column":2},"end":{"line":65,"column":73}},{"start":{},"end":{}}],"line":65},"11":{"loc":{"start":{"line":65,"column":6},"end":{"line":65,"column":54}},"type":"binary-expr","locations":[{"start":{"line":65,"column":6},"end":{"line":65,"column":27}},{"start":{"line":65,"column":31},"end":{"line":65,"column":54}}],"line":65},"12":{"loc":{"start":{"line":66,"column":2},"end":{"line":66,"column":71}},"type":"if","locations":[{"start":{"line":66,"column":2},"end":{"line":66,"column":71}},{"start":{},"end":{}}],"line":66},"13":{"loc":{"start":{"line":66,"column":6},"end":{"line":66,"column":50}},"type":"binary-expr","locations":[{"start":{"line":66,"column":6},"end":{"line":66,"column":26}},{"start":{"line":66,"column":30},"end":{"line":66,"column":50}}],"line":66},"14":{"loc":{"start":{"line":67,"column":2},"end":{"line":67,"column":59}},"type":"if","locations":[{"start":{"line":67,"column":2},"end":{"line":67,"column":59}},{"start":{},"end":{}}],"line":67},"15":{"loc":{"start":{"line":68,"column":2},"end":{"line":68,"column":63}},"type":"if","locations":[{"start":{"line":68,"column":2},"end":{"line":68,"column":63}},{"start":{},"end":{}}],"line":68},"16":{"loc":{"start":{"line":76,"column":28},"end":{"line":76,"column":73}},"type":"default-arg","locations":[{"start":{"line":76,"column":71},"end":{"line":76,"column":73}}],"line":76},"17":{"loc":{"start":{"line":76,"column":30},"end":{"line":76,"column":47}},"type":"default-arg","locations":[{"start":{"line":76,"column":42},"end":{"line":76,"column":47}}],"line":76},"18":{"loc":{"start":{"line":76,"column":49},"end":{"line":76,"column":66}},"type":"default-arg","locations":[{"start":{"line":76,"column":61},"end":{"line":76,"column":66}}],"line":76},"19":{"loc":{"start":{"line":78,"column":2},"end":{"line":86,"column":3}},"type":"if","locations":[{"start":{"line":78,"column":2},"end":{"line":86,"column":3}},{"start":{},"end":{}}],"line":78},"20":{"loc":{"start":{"line":100,"column":15},"end":{"line":100,"column":52}},"type":"binary-expr","locations":[{"start":{"line":100,"column":15},"end":{"line":100,"column":32}},{"start":{"line":100,"column":36},"end":{"line":100,"column":52}}],"line":100},"21":{"loc":{"start":{"line":103,"column":14},"end":{"line":103,"column":32}},"type":"cond-expr","locations":[{"start":{"line":103,"column":19},"end":{"line":103,"column":23}},{"start":{"line":103,"column":26},"end":{"line":103,"column":32}}],"line":103},"22":{"loc":{"start":{"line":106,"column":18},"end":{"line":106,"column":42}},"type":"cond-expr","locations":[{"start":{"line":106,"column":23},"end":{"line":106,"column":27}},{"start":{"line":106,"column":30},"end":{"line":106,"column":42}}],"line":106},"23":{"loc":{"start":{"line":107,"column":21},"end":{"line":107,"column":77}},"type":"cond-expr","locations":[{"start":{"line":107,"column":26},"end":{"line":107,"column":30}},{"start":{"line":107,"column":33},"end":{"line":107,"column":77}}],"line":107},"24":{"loc":{"start":{"line":110,"column":19},"end":{"line":110,"column":107}},"type":"cond-expr","locations":[{"start":{"line":110,"column":40},"end":{"line":110,"column":78}},{"start":{"line":110,"column":81},"end":{"line":110,"column":107}}],"line":110},"25":{"loc":{"start":{"line":110,"column":81},"end":{"line":110,"column":107}},"type":"binary-expr","locations":[{"start":{"line":110,"column":81},"end":{"line":110,"column":92}},{"start":{"line":110,"column":96},"end":{"line":110,"column":107}}],"line":110}},"s":{"0":2,"1":2,"2":14,"3":64,"4":2,"5":2,"6":16,"7":9,"8":9,"9":0,"10":9,"11":1,"12":8,"13":8,"14":8,"15":1,"16":0,"17":7,"18":3,"19":3,"20":3,"21":3,"22":3,"23":1,"24":2,"25":2,"26":0,"27":0,"28":0,"29":0,"30":0,"31":9,"32":9,"33":2,"34":7,"35":7,"36":7,"37":4,"38":4,"39":4,"40":4,"41":4,"42":3,"43":3,"44":2},"f":{"0":14,"1":64,"2":2,"3":16,"4":9,"5":3,"6":9},"b":{"0":[2,1,0,0],"1":[14,2],"2":[1,8],"3":[9,8],"4":[1,7],"5":[3,2],"6":[3,0],"7":[3,2],"8":[3,0],"9":[3,2],"10":[1,2],"11":[3,3],"12":[2,0],"13":[2,0],"14":[0,0],"15":[0,0],"16":[0],"17":[8],"18":[0],"19":[2,7],"20":[4,4],"21":[2,2],"22":[2,2],"23":[2,2],"24":[1,2],"25":[2,0]},"_coverageSchema":"1a1c01bbd47fc00a2c39e90264f33305004495a9","hash":"cf8e792e87a5d075a06e1bab2ec219949376fe90"}
,"/Users/darshanaswathappa/PulseMonitor/lambda/pinger/lib/sites.js": {"path":"/Users/darshanaswathappa/PulseMonitor/lambda/pinger/lib/sites.js","statementMap":{"0":{"start":{"line":1,"column":39},"end":{"line":1,"column":71}},"1":{"start":{"line":7,"column":2},"end":{"line":7,"column":110}},"2":{"start":{"line":8,"column":30},"end":{"line":8,"column":85}},"3":{"start":{"line":10,"column":34},"end":{"line":10,"column":35}},"4":{"start":{"line":18,"column":25},"end":{"line":18,"column":31}},"5":{"start":{"line":24,"column":2},"end":{"line":24,"column":36}},"6":{"start":{"line":24,"column":24},"end":{"line":24,"column":36}},"7":{"start":{"line":26,"column":22},"end":{"line":26,"column":49}},"8":{"start":{"line":27,"column":2},"end":{"line":27,"column":45}},"9":{"start":{"line":27,"column":33},"end":{"line":27,"column":45}},"10":{"start":{"line":29,"column":22},"end":{"line":29,"column":87}},"11":{"start":{"line":30,"column":2},"end":{"line":30,"column":72}},"12":{"start":{"line":34,"column":16},"end":{"line":34,"column":18}},"13":{"start":{"line":37,"column":2},"end":{"line":48,"column":29}},"14":{"start":{"line":38,"column":17},"end":{"line":45,"column":5}},"15":{"start":{"line":46,"column":4},"end":{"line":46,"column":38}},"16":{"start":{"line":47,"column":4},"end":{"line":47,"column":45}},"17":{"start":{"line":50,"column":2},"end":{"line":50,"column":80}},"18":{"start":{"line":50,"column":32},"end":{"line":50,"column":78}},"19":{"start":{"line":57,"column":24},"end":{"line":57,"column":88}},"20":{"start":{"line":59,"column":27},"end":{"line":66,"column":3}},"21":{"start":{"line":67,"column":17},"end":{"line":74,"column":3}},"22":{"start":{"line":76,"column":2},"end":{"line":89,"column":3}},"23":{"start":{"line":77,"column":4},"end":{"line":77,"column":74}},"24":{"start":{"line":78,"column":4},"end":{"line":78,"column":40}},"25":{"start":{"line":79,"column":9},"end":{"line":89,"column":3}},"26":{"start":{"line":81,"column":4},"end":{"line":81,"column":74}},"27":{"start":{"line":82,"column":4},"end":{"line":82,"column":40}},"28":{"start":{"line":86,"column":4},"end":{"line":86,"column":102}},"29":{"start":{"line":87,"column":4},"end":{"line":87,"column":24}},"30":{"start":{"line":88,"column":4},"end":{"line":88,"column":23}},"31":{"start":{"line":91,"column":2},"end":{"line":93,"column":3}},"32":{"start":{"line":92,"column":4},"end":{"line":92,"column":65}},"33":{"start":{"line":95,"column":2},"end":{"line":104,"column":4}},"34":{"start":{"line":107,"column":0},"end":{"line":107,"column":62}}},"fnMap":{"0":{"name":"isSiteDue","decl":{"start":{"line":23,"column":9},"end":{"line":23,"column":18}},"loc":{"start":{"line":23,"column":32},"end":{"line":31,"column":1}},"line":23},"1":{"name":"scanDueSites","decl":{"start":{"line":33,"column":15},"end":{"line":33,"column":27}},"loc":{"start":{"line":33,"column":77},"end":{"line":51,"column":1}},"line":33},"2":{"name":"(anonymous_2)","decl":{"start":{"line":50,"column":22},"end":{"line":50,"column":23}},"loc":{"start":{"line":50,"column":32},"end":{"line":50,"column":78}},"line":50},"3":{"name":"writeSiteStatus","decl":{"start":{"line":56,"column":15},"end":{"line":56,"column":30}},"loc":{"start":{"line":56,"column":108},"end":{"line":105,"column":1}},"line":56}},"branchMap":{"0":{"loc":{"start":{"line":24,"column":2},"end":{"line":24,"column":36}},"type":"if","locations":[{"start":{"line":24,"column":2},"end":{"line":24,"column":36}},{"start":{},"end":{}}],"line":24},"1":{"loc":{"start":{"line":27,"column":2},"end":{"line":27,"column":45}},"type":"if","locations":[{"start":{"line":27,"column":2},"end":{"line":27,"column":45}},{"start":{},"end":{}}],"line":27},"2":{"loc":{"start":{"line":29,"column":22},"end":{"line":29,"column":87}},"type":"binary-expr","locations":[{"start":{"line":29,"column":22},"end":{"line":29,"column":58}},{"start":{"line":29,"column":62},"end":{"line":29,"column":87}}],"line":29},"3":{"loc":{"start":{"line":33,"column":50},"end":{"line":33,"column":75}},"type":"default-arg","locations":[{"start":{"line":33,"column":73},"end":{"line":33,"column":75}}],"line":33},"4":{"loc":{"start":{"line":33,"column":52},"end":{"line":33,"column":68}},"type":"default-arg","locations":[{"start":{"line":33,"column":58},"end":{"line":33,"column":68}}],"line":33},"5":{"loc":{"start":{"line":46,"column":19},"end":{"line":46,"column":35}},"type":"binary-expr","locations":[{"start":{"line":46,"column":19},"end":{"line":46,"column":29}},{"start":{"line":46,"column":33},"end":{"line":46,"column":35}}],"line":46},"6":{"loc":{"start":{"line":50,"column":32},"end":{"line":50,"column":78}},"type":"binary-expr","locations":[{"start":{"line":50,"column":32},"end":{"line":50,"column":54}},{"start":{"line":50,"column":58},"end":{"line":50,"column":78}}],"line":50},"7":{"loc":{"start":{"line":57,"column":24},"end":{"line":57,"column":88}},"type":"binary-expr","locations":[{"start":{"line":57,"column":24},"end":{"line":57,"column":52}},{"start":{"line":57,"column":56},"end":{"line":57,"column":88}}],"line":57},"8":{"loc":{"start":{"line":76,"column":2},"end":{"line":89,"column":3}},"type":"if","locations":[{"start":{"line":76,"column":2},"end":{"line":89,"column":3}},{"start":{"line":79,"column":9},"end":{"line":89,"column":3}}],"line":76},"9":{"loc":{"start":{"line":79,"column":9},"end":{"line":89,"column":3}},"type":"if","locations":[{"start":{"line":79,"column":9},"end":{"line":89,"column":3}},{"start":{"line":83,"column":9},"end":{"line":89,"column":3}}],"line":79},"10":{"loc":{"start":{"line":91,"column":2},"end":{"line":93,"column":3}},"type":"if","locations":[{"start":{"line":91,"column":2},"end":{"line":93,"column":3}},{"start":{},"end":{}}],"line":91}},"s":{"0":2,"1":2,"2":2,"3":2,"4":2,"5":14,"6":4,"7":10,"8":10,"9":1,"10":9,"11":9,"12":5,"13":5,"14":6,"15":6,"16":6,"17":5,"18":6,"19":6,"20":6,"21":6,"22":6,"23":4,"24":4,"25":2,"26":1,"27":1,"28":1,"29":1,"30":1,"31":6,"32":4,"33":6,"34":2},"f":{"0":14,"1":5,"2":6,"3":6},"b":{"0":[4,10],"1":[1,9],"2":[9,2],"3":[1],"4":[1],"5":[6,0],"6":[6,4],"7":[6,4],"8":[4,2],"9":[1,1],"10":[4,2]},"_coverageSchema":"1a1c01bbd47fc00a2c39e90264f33305004495a9","hash":"1ef3611b5283efb026d332505d7c64fd354e5d3d"}
}
