TN:
SF:index.js
FN:10,readEnv
FN:12,(anonymous_1)
FN:30,makeClients
FN:43,runPool
FN:47,next
FN:59,checkSite
FN:106,handler
FN:112,(anonymous_7)
FN:115,(anonymous_8)
FNF:9
FNH:9
FNDA:2,readEnv
FNDA:4,(anonymous_1)
FNDA:2,makeClients
FNDA:2,runPool
FNDA:2,next
FNDA:2,checkSite
FNDA:2,handler
FNDA:2,(anonymous_7)
FNDA:2,(anonymous_8)
DA:1,1
DA:2,1
DA:3,1
DA:5,1
DA:6,1
DA:7,1
DA:8,1
DA:11,2
DA:12,4
DA:13,2
DA:14,0
DA:17,2
DA:31,2
DA:34,2
DA:35,2
DA:38,2
DA:44,2
DA:45,2
DA:48,2
DA:49,2
DA:50,2
DA:51,2
DA:55,2
DA:56,2
DA:60,2
DA:61,2
DA:63,2
DA:64,2
DA:72,0
DA:74,0
DA:76,0
DA:79,2
DA:96,2
DA:103,2
DA:107,2
DA:108,2
DA:110,2
DA:112,2
DA:113,2
DA:115,2
DA:117,2
DA:124,1
LF:42
LH:38
BRDA:13,0,0,0
BRDA:13,0,1,2
BRDA:20,1,0,2
BRDA:20,1,1,2
BRDA:21,2,0,2
BRDA:21,2,1,2
BRDA:22,3,0,2
BRDA:22,3,1,2
BRDA:23,4,0,2
BRDA:23,4,1,2
BRDA:24,5,0,2
BRDA:24,5,1,2
BRDA:32,6,0,0
BRDA:32,6,1,2
BRDA:36,7,0,0
BRDA:36,7,1,2
BRDA:49,8,0,0
BRDA:49,8,1,2
BRDA:72,9,0,0
BRDA:72,9,1,0
BRDA:92,10,0,2
BRDA:92,10,1,2
BRDA:113,11,0,2
BRDA:113,11,1,0
BRF:24
BRH:17
end_of_record
TN:
SF:lib/history.js
FN:8,buildHistoryKey
FN:18,writeHistoryRecord
FNF:2
FNH:2
FNDA:4,buildHistoryKey
FNDA:1,writeHistoryRecord
DA:1,2
DA:2,2
DA:9,4
DA:10,4
DA:11,4
DA:12,4
DA:13,4
DA:14,4
DA:15,4
DA:19,1
DA:20,1
DA:28,1
DA:34,1
DA:44,1
DA:47,2
LF:15
LH:15
BRDA:14,0,0,4
BRDA:14,0,1,0
BRF:2
BRH:1
end_of_record
TN:
SF:lib/metrics.js
FN:5,emitSiteDownMetric
FNF:1
FNH:0
FNDA:0,emitSiteDownMetric
DA:6,0
DA:21,0
DA:24,1
LF:3
LH:1
BRDA:19,0,0,0
BRDA:19,0,1,0
BRF:2
BRH:0
end_of_record
TN:
SF:lib/ping.js
FN:15,isPrivateV4
FN:16,(anonymous_1)
FN:19,isPrivateV6
FN:24,isBlockedAddress
FN:32,assertUrlIsPingable
FN:56,classifyError
FN:76,pingUrl
FNF:7
FNH:7
FNDA:14,isPrivateV4
FNDA:64,(anonymous_1)
FNDA:2,isPrivateV6
FNDA:16,isBlockedAddress
FNDA:9,assertUrlIsPingable
FNDA:3,classifyError
FNDA:9,pingUrl
DA:1,2
DA:6,2
DA:16,64
DA:20,2
DA:21,2
DA:25,16
DA:34,9
DA:35,9
DA:37,0
DA:40,9
DA:41,1
DA:44,8
DA:45,8
DA:46,8
DA:47,1
DA:50,0
DA:53,7
DA:60,3
DA:61,3
DA:62,3
DA:63,3
DA:65,3
DA:66,2
DA:67,0
DA:68,0
DA:69,0
DA:77,9
DA:78,9
DA:79,2
DA:88,7
DA:89,7
DA:90,7
DA:96,4
DA:97,4
DA:99,4
DA:100,4
DA:102,4
DA:110,3
DA:111,3
DA:121,2
LF:40
LH:35
BRDA:21,0,0,2
BRDA:21,0,1,1
BRDA:21,0,2,0
BRDA:21,0,3,0
BRDA:25,1,0,14
BRDA:25,1,1,2
BRDA:40,2,0,1
BRDA:40,2,1,8
BRDA:40,3,0,9
BRDA:40,3,1,8
BRDA:46,4,0,1
BRDA:46,4,1,7
BRDA:60,5,0,3
BRDA:60,5,1,2
BRDA:61,6,0,3
BRDA:61,6,1,0
BRDA:62,7,0,3
BRDA:62,7,1,2
BRDA:63,8,0,3
BRDA:63,8,1,0
BRDA:63,9,0,3
BRDA:63,9,1,2
BRDA:65,10,0,1
BRDA:65,10,1,2
BRDA:65,11,0,3
BRDA:65,11,1,3
BRDA:66,12,0,2
BRDA:66,12,1,0
BRDA:66,13,0,2
BRDA:66,13,1,0
BRDA:67,14,0,0
BRDA:67,14,1,0
BRDA:68,15,0,0
BRDA:68,15,1,0
BRDA:76,16,0,0
BRDA:76,17,0,8
BRDA:76,18,0,0
BRDA:78,19,0,2
BRDA:78,19,1,7
BRDA:100,20,0,4
BRDA:100,20,1,4
BRDA:103,21,0,2
BRDA:103,21,1,2
BRDA:106,22,0,2
BRDA:106,22,1,2
BRDA:107,23,0,2
BRDA:107,23,1,2
BRDA:110,24,0,1
BRDA:110,24,1,2
BRDA:110,25,0,2
BRDA:110,25,1,0
BRF:51
BRH:38
end_of_record
TN:
SF:lib/sites.js
FN:23,isSiteDue
FN:33,scanDueSites
FN:50,(anonymous_2)
FN:56,writeSiteStatus
FNF:4
FNH:4
FNDA:14,isSiteDue
FNDA:5,scanDueSites
FNDA:6,(anonymous_2)
FNDA:6,writeSiteStatus
DA:1,2
DA:7,2
DA:8,2
DA:10,2
DA:18,2
DA:24,14
DA:26,10
DA:27,10
DA:29,9
DA:30,9
DA:34,5
DA:37,5
DA:38,6
DA:46,6
DA:47,6
DA:50,6
DA:57,6
DA:59,6
DA:67,6
DA:76,6
DA:77,4
DA:78,4
DA:79,2
DA:81,1
DA:82,1
DA:86,1
DA:87,1
DA:88,1
DA:91,6
DA:92,4
DA:95,6
DA:107,2
LF:32
LH:32
BRDA:24,0,0,4
BRDA:24,0,1,10
BRDA:27,1,0,1
BRDA:27,1,1,9
BRDA:29,2,0,9
BRDA:29,2,1,2
BRDA:33,3,0,1
BRDA:33,4,0,1
BRDA:46,5,0,6
BRDA:46,5,1,0
BRDA:50,6,0,6
BRDA:50,6,1,4
BRDA:57,7,0,6
BRDA:57,7,1,4
BRDA:76,8,0,4
BRDA:76,8,1,2
BRDA:79,9,0,1
BRDA:79,9,1,1
BRDA:91,10,0,4
BRDA:91,10,1,2
BRF:20
BRH:19
end_of_record
