TN:
SF:index.js
FN:12,readEnv
FN:14,(anonymous_1)
FN:37,makeClients
FN:53,runPool
FN:57,next
FN:69,checkSite
FN:123,handler
FN:129,(anonymous_7)
FN:132,(anonymous_8)
FN:134,(anonymous_9)
FN:134,(anonymous_10)
FN:153,(anonymous_11)
FNF:12
FNH:12
FNDA:7,readEnv
FNDA:14,(anonymous_1)
FNDA:7,makeClients
FNDA:7,runPool
FNDA:7,next
FNDA:7,checkSite
FNDA:7,handler
FNDA:7,(anonymous_7)
FNDA:7,(anonymous_8)
FNDA:7,(anonymous_9)
FNDA:3,(anonymous_10)
FNDA:7,(anonymous_11)
DA:1,1
DA:2,1
DA:3,1
DA:4,1
DA:6,1
DA:7,1
DA:8,1
DA:9,1
DA:10,1
DA:13,7
DA:14,14
DA:15,7
DA:16,0
DA:19,7
DA:38,7
DA:41,7
DA:42,7
DA:45,7
DA:48,7
DA:54,7
DA:55,7
DA:58,7
DA:59,7
DA:60,7
DA:61,7
DA:65,7
DA:66,7
DA:70,7
DA:71,7
DA:74,7
DA:75,7
DA:83,1
DA:85,1
DA:87,0
DA:90,6
DA:107,6
DA:114,6
DA:124,7
DA:125,7
DA:127,7
DA:129,7
DA:130,7
DA:132,7
DA:134,7
DA:139,7
DA:140,7
DA:150,7
DA:153,7
DA:157,1
LF:49
LH:47
BRDA:15,0,0,0
BRDA:15,0,1,7
BRDA:22,1,0,7
BRDA:22,1,1,7
BRDA:23,2,0,7
BRDA:23,2,1,7
BRDA:24,3,0,7
BRDA:24,3,1,7
BRDA:25,4,0,7
BRDA:25,4,1,7
BRDA:26,5,0,7
BRDA:26,5,1,7
BRDA:39,6,0,0
BRDA:39,6,1,7
BRDA:43,7,0,0
BRDA:43,7,1,7
BRDA:46,8,0,0
BRDA:46,8,1,7
BRDA:59,9,0,0
BRDA:59,9,1,7
BRDA:83,10,0,1
BRDA:83,10,1,0
BRDA:103,11,0,6
BRDA:103,11,1,6
BRDA:119,12,0,3
BRDA:119,12,1,3
BRDA:130,13,0,7
BRDA:130,13,1,0
BRDA:153,14,0,7
BRDA:153,14,1,0
BRDA:153,15,0,1
BRDA:153,15,1,6
BRF:32
BRH:24
end_of_record
TN:
SF:lib/events.js
FN:7,chunk
FN:21,toEventEntry
FN:50,publishStatusChanges
FN:53,(anonymous_3)
FNF:4
FNH:4
FNDA:6,chunk
FNDA:28,toEventEntry
FNDA:8,publishStatusChanges
FNDA:28,(anonymous_3)
DA:1,2
DA:2,2
DA:5,2
DA:8,6
DA:9,6
DA:10,8
DA:12,6
DA:22,28
DA:51,8
DA:53,28
DA:55,6
DA:56,8
DA:57,8
DA:58,7
DA:59,1
DA:62,1
DA:67,2
LF:17
LH:17
BRDA:33,0,0,28
BRDA:33,0,1,28
BRDA:50,1,0,0
BRDA:50,2,0,8
BRDA:50,3,0,8
BRDA:51,4,0,2
BRDA:51,4,1,6
BRDA:51,5,0,8
BRDA:51,5,1,7
BRDA:51,5,2,7
BRDA:58,6,0,1
BRDA:58,6,1,6
BRF:12
BRH:11
end_of_record
TN:
SF:lib/history.js
FN:8,buildHistoryKey
FN:18,writeHistoryRecord
FNF:2
FNH:2
FNDA:4,buildHistoryKey
FNDA:1,writeHistoryRecord
DA:1,2
DA:2,2
DA:9,4
DA:10,4
DA:11,4
DA:12,4
DA:13,4
DA:14,4
DA:15,4
DA:19,1
DA:20,1
DA:28,1
DA:34,1
DA:44,1
DA:47,2
LF:15
LH:15
BRDA:14,0,0,4
BRDA:14,0,1,0
BRF:2
BRH:1
end_of_record
TN:
SF:lib/metrics.js
FN:5,emitSiteDownMetric
FN:28,emitNotifyPublishFailedMetric
FNF:2
FNH:1
FNDA:0,emitSiteDownMetric
FNDA:2,emitNotifyPublishFailedMetric
DA:6,0
DA:21,0
DA:29,2
DA:43,2
DA:46,2
LF:5
LH:3
BRDA:19,0,0,0
BRDA:19,0,1,0
BRF:2
BRH:0
end_of_record
TN:
SF:lib/ping.js
FN:15,isPrivateV4
FN:16,(anonymous_1)
FN:19,isPrivateV6
FN:24,isBlockedAddress
FN:32,assertUrlIsPingable
FN:56,classifyError
FN:76,pingUrl
FNF:7
FNH:7
FNDA:14,isPrivateV4
FNDA:64,(anonymous_1)
FNDA:2,isPrivateV6
FNDA:16,isBlockedAddress
FNDA:9,assertUrlIsPingable
FNDA:3,classifyError
FNDA:9,pingUrl
DA:1,2
DA:6,2
DA:16,64
DA:20,2
DA:21,2
DA:25,16
DA:34,9
DA:35,9
DA:37,0
DA:40,9
DA:41,1
DA:44,8
DA:45,8
DA:46,8
DA:47,1
DA:50,0
DA:53,7
DA:60,3
DA:61,3
DA:62,3
DA:63,3
DA:65,3
DA:66,2
DA:67,0
DA:68,0
DA:69,0
DA:77,9
DA:78,9
DA:79,2
DA:88,7
DA:89,7
DA:90,7
DA:96,4
DA:97,4
DA:99,4
DA:100,4
DA:102,4
DA:110,3
DA:111,3
DA:121,2
LF:40
LH:35
BRDA:21,0,0,2
BRDA:21,0,1,1
BRDA:21,0,2,0
BRDA:21,0,3,0
BRDA:25,1,0,14
BRDA:25,1,1,2
BRDA:40,2,0,1
BRDA:40,2,1,8
BRDA:40,3,0,9
BRDA:40,3,1,8
BRDA:46,4,0,1
BRDA:46,4,1,7
BRDA:60,5,0,3
BRDA:60,5,1,2
BRDA:61,6,0,3
BRDA:61,6,1,0
BRDA:62,7,0,3
BRDA:62,7,1,2
BRDA:63,8,0,3
BRDA:63,8,1,0
BRDA:63,9,0,3
BRDA:63,9,1,2
BRDA:65,10,0,1
BRDA:65,10,1,2
BRDA:65,11,0,3
BRDA:65,11,1,3
BRDA:66,12,0,2
BRDA:66,12,1,0
BRDA:66,13,0,2
BRDA:66,13,1,0
BRDA:67,14,0,0
BRDA:67,14,1,0
BRDA:68,15,0,0
BRDA:68,15,1,0
BRDA:76,16,0,0
BRDA:76,17,0,8
BRDA:76,18,0,0
BRDA:78,19,0,2
BRDA:78,19,1,7
BRDA:100,20,0,4
BRDA:100,20,1,4
BRDA:103,21,0,2
BRDA:103,21,1,2
BRDA:106,22,0,2
BRDA:106,22,1,2
BRDA:107,23,0,2
BRDA:107,23,1,2
BRDA:110,24,0,1
BRDA:110,24,1,2
BRDA:110,25,0,2
BRDA:110,25,1,0
BRF:51
BRH:38
end_of_record
TN:
SF:lib/sites.js
FN:23,isSiteDue
FN:33,scanDueSites
FN:50,(anonymous_2)
FN:56,writeSiteStatus
FNF:4
FNH:4
FNDA:14,isSiteDue
FNDA:6,scanDueSites
FNDA:6,(anonymous_2)
FNDA:11,writeSiteStatus
DA:1,2
DA:7,2
DA:8,2
DA:10,2
DA:18,2
DA:24,14
DA:26,10
DA:27,10
DA:29,9
DA:30,9
DA:34,6
DA:37,6
DA:38,7
DA:46,7
DA:47,7
DA:50,6
DA:57,11
DA:59,11
DA:67,11
DA:76,11
DA:77,6
DA:78,6
DA:79,5
DA:81,3
DA:82,3
DA:86,2
DA:87,2
DA:88,2
DA:91,11
DA:92,7
DA:95,11
DA:106,10
DA:113,2
LF:33
LH:33
BRDA:24,0,0,4
BRDA:24,0,1,10
BRDA:27,1,0,1
BRDA:27,1,1,9
BRDA:29,2,0,9
BRDA:29,2,1,2
BRDA:33,3,0,1
BRDA:33,4,0,1
BRDA:46,5,0,7
BRDA:46,5,1,0
BRDA:50,6,0,6
BRDA:50,6,1,4
BRDA:57,7,0,11
BRDA:57,7,1,8
BRDA:76,8,0,6
BRDA:76,8,1,5
BRDA:79,9,0,3
BRDA:79,9,1,2
BRDA:91,10,0,7
BRDA:91,10,1,4
BRDA:108,11,0,10
BRDA:108,11,1,2
BRF:22
BRH:21
end_of_record
